2024-09-30 09:30:47,052 - INFO - Parte 1 creada con éxito, tamaño: 9.85 MB
2024-09-30 09:31:28,163 - INFO - Parte 2 creada con éxito, tamaño: 9.78 MB
2024-09-30 09:33:37,632 - INFO - Carpeta seleccionada para guardar los fragmentos: C:/Users/ruben/Downloads
2024-09-30 09:35:55,415 - INFO - Archivo PDF cargado: C:/Users/ruben/Downloads/designing-data-intensive-applications.pdf
2024-09-30 09:36:00,820 - INFO - Carpeta seleccionada para guardar los fragmentos: C:/Users/ruben/Downloads
2024-09-30 09:36:29,862 - INFO - Parte 1 creada con éxito, tamaño: 9.85 MB
2024-09-30 09:37:38,808 - INFO - Archivo PDF cargado: C:/Users/ruben/Downloads/designing-data-intensive-applications.pdf
2024-09-30 09:37:45,945 - INFO - Carpeta seleccionada para guardar los fragmentos: C:/Users/ruben/Desktop
2024-09-30 09:38:03,757 - INFO - Parte 1 creada con éxito, tamaño: 9.85 MB
2024-09-30 09:38:42,402 - INFO - Parte 2 creada con éxito, tamaño: 9.78 MB
2024-09-30 09:39:13,107 - INFO - Parte 3 final creada con éxito.
2024-09-30 09:39:13,110 - INFO - Archivos movidos a la carpeta de destino.
2024-09-30 09:39:27,820 - INFO - El PDF C:/Users/ruben/Downloads/designing-data-intensive-applications.pdf ha sido dividido en 3 partes.
2024-09-30 09:40:54,716 - INFO - Archivo PDF cargado: C:/Users/ruben/Downloads/designing-data-intensive-applications.pdf
2024-09-30 09:41:03,460 - INFO - Carpeta seleccionada para guardar los fragmentos: C:/Users/ruben/Desktop
2024-09-30 09:41:19,392 - INFO - Parte 1 creada con éxito, tamaño: 9.85 MB
2024-09-30 09:41:39,767 - INFO - Parte 2 creada con éxito, tamaño: 9.14 MB
2024-09-30 09:42:35,424 - INFO - Archivo PDF cargado: C:/Users/ruben/Downloads/designing-data-intensive-applications.pdf
2024-09-30 09:42:43,180 - INFO - Carpeta seleccionada para guardar los fragmentos: C:/Users/ruben/Desktop
2024-09-30 09:42:58,016 - INFO - Parte 1 creada con éxito, tamaño: 9.85 MB
2024-09-30 09:43:12,759 - INFO - Parte 2 creada con éxito, tamaño: 9.14 MB
2024-09-30 09:43:52,643 - INFO - Parte 3 final creada con éxito.
2024-09-30 09:43:55,195 - INFO - El PDF C:/Users/ruben/Downloads/designing-data-intensive-applications.pdf ha sido dividido en 3 partes.
2024-09-30 09:44:29,351 - INFO - Archivo PDF cargado: C:/Users/ruben/Downloads/designing-data-intensive-applications.pdf
2024-09-30 09:44:46,976 - INFO - Carpeta seleccionada para guardar los fragmentos: C:/Users/ruben/Downloads/testrecortes
2024-09-30 09:45:01,516 - INFO - Parte 1 creada con éxito, tamaño: 9.85 MB
2024-09-30 09:45:18,974 - INFO - Parte 2 creada con éxito, tamaño: 9.14 MB
2024-09-30 09:46:04,770 - INFO - Parte 3 final creada con éxito.
2024-09-30 09:46:07,349 - INFO - El PDF C:/Users/ruben/Downloads/designing-data-intensive-applications.pdf ha sido dividido en 3 partes.
